[2012-12-06 15:29:56] START
[2012-12-06 15:29:56] EDIT welcome/controllers/default.py: 6
[2012-12-06 15:30:02] EDIT welcome/controllers/default.py: 0
[2012-12-06 15:30:06] EDIT welcome/controllers/default.py: 0
[2012-12-06 15:30:24] EDIT welcome/controllers/default.py: 0
[2012-12-06 15:32:00] CREATE default/tmdb_search.html: 0
[2012-12-06 15:33:58] EDIT welcome/controllers/default.py: 2
[2012-12-06 15:38:06] EDIT welcome/views/default/tmdb_search.html: 7
[2012-12-06 15:39:06] EDIT welcome/views/default/tmdb_search.html: 0
[2012-12-06 15:39:22] EDIT welcome/views/default/tmdb_search.html: 0
[2012-12-06 15:40:31] EDIT welcome/controllers/default.py: 0
[2012-12-06 15:44:23] EDIT welcome/controllers/default.py: 0
[2012-12-06 15:44:54] EDIT welcome/views/default/tmdb_search.html: 1
[2012-12-06 15:45:16] EDIT welcome/views/default/tmdb_search.html: 0
[2012-12-06 15:46:45] EDIT welcome/views/default/tmdb_search.html: 0
[2012-12-06 16:09:58] EDIT welcome/views/default/tmdb_search.html: -1
[2012-12-06 16:11:04] EDIT welcome/views/default/tmdb_search.html: 0
[2012-12-06 16:15:21] EDIT welcome/views/default/tmdb_search.html: 5
[2012-12-14 10:59:50] EDIT welcome/controllers/default.py: 10
[2012-12-14 11:00:07] EDIT welcome/controllers/default.py: 0
[2012-12-14 11:00:28] EDIT welcome/views/default/tmdb_search.html: -12
[2012-12-14 11:02:28] EDIT welcome/controllers/default.py: 2
[2012-12-14 11:03:58] EDIT welcome/controllers/default.py: -2
[2012-12-14 11:05:05] EDIT welcome/controllers/default.py: 0
[2012-12-14 11:07:56] EDIT welcome/controllers/default.py: 1
[2012-12-14 11:08:02] EDIT welcome/controllers/default.py: 0
[2012-12-14 11:09:53] EDIT welcome/controllers/default.py: 0
[2012-12-14 11:10:31] EDIT welcome/controllers/default.py: 1
[2012-12-14 11:32:30] EDIT welcome/controllers/default.py: 0
[2012-12-14 11:33:07] EDIT welcome/controllers/default.py: -1
[2012-12-14 11:35:40] EDIT welcome/controllers/default.py: 1
[2012-12-14 11:36:19] EDIT welcome/controllers/default.py: 0
[2012-12-14 11:49:56] EDIT welcome/views/default/tmdb_search.html: 9
[2012-12-14 12:33:44] EDIT welcome/views/default/tmdb_search.html: 0
[2012-12-14 12:33:54] EDIT welcome/views/default/tmdb_search.html: 0
[2012-12-14 12:34:58] EDIT welcome/controllers/default.py: 2
[2012-12-14 12:35:57] EDIT welcome/views/default/tmdb_search.html: 0
[2012-12-14 12:36:27] EDIT welcome/controllers/default.py: 0
[2012-12-14 12:37:20] EDIT welcome/controllers/default.py: 0
[2012-12-14 12:37:59] EDIT welcome/controllers/default.py: 1
[2012-12-14 12:39:45] EDIT welcome/controllers/default.py: 0
[2012-12-14 12:41:50] EDIT welcome/controllers/default.py: -1
[2012-12-14 12:42:06] EDIT welcome/controllers/default.py: 0
[2012-12-14 12:45:14] EDIT welcome/controllers/default.py: 0
[2012-12-14 12:45:29] EDIT welcome/controllers/default.py: 0
[2012-12-14 12:46:38] EDIT welcome/controllers/default.py: 0
[2012-12-14 12:47:05] EDIT welcome/controllers/default.py: 0
[2012-12-14 12:47:22] EDIT welcome/controllers/default.py: 0
[2012-12-14 12:47:50] EDIT welcome/controllers/default.py: 0
[2012-12-14 12:47:55] EDIT welcome/controllers/default.py: 0
[2012-12-14 12:50:15] EDIT welcome/views/default/tmdb_search.html: 4
[2012-12-14 12:50:18] EDIT welcome/views/default/tmdb_search.html: 0
[2012-12-14 12:50:36] EDIT welcome/views/default/tmdb_search.html: 0
[2012-12-14 12:54:34] EDIT welcome/views/default/tmdb_search.html: 0
[2012-12-14 12:54:50] EDIT welcome/views/default/tmdb_search.html: 0
[2012-12-14 12:57:10] EDIT welcome/views/default/tmdb_search.html: 0
[2012-12-14 12:58:07] EDIT welcome/views/default/tmdb_search.html: 0
[2012-12-14 12:58:47] EDIT welcome/views/default/tmdb_search.html: 0
[2012-12-14 13:00:17] EDIT welcome/controllers/default.py: 0
[2012-12-14 13:00:26] EDIT welcome/controllers/default.py: 0
[2012-12-14 13:05:16] EDIT welcome/controllers/default.py: -1
[2012-12-14 13:05:37] EDIT welcome/controllers/default.py: 0
[2012-12-14 13:05:59] EDIT welcome/controllers/default.py: 0
[2012-12-14 13:06:42] EDIT welcome/views/default/tmdb_search.html: 0
[2012-12-14 13:07:19] EDIT welcome/controllers/default.py: 0
[2012-12-14 13:09:25] EDIT welcome/controllers/default.py: -4
[2012-12-14 13:09:58] EDIT welcome/controllers/default.py: 0
[2012-12-14 13:10:33] EDIT welcome/controllers/default.py: 0
[2012-12-14 13:11:15] EDIT welcome/controllers/default.py: 0
[2012-12-17 14:09:25] EDIT moviedb/controllers/default.py: 13
[2012-12-17 14:10:44] EDIT moviedb/controllers/default.py: 4
[2012-12-21 09:25:16] EDIT moviedb/models/db.py: 61
[2013-01-07 11:12:22] EDIT moviedb/controllers/default.py: 8
[2013-01-07 11:12:49] EDIT moviedb/controllers/default.py: 0
[2013-01-07 11:12:52] EDIT moviedb/controllers/default.py: 0
[2013-01-07 11:12:58] EDIT moviedb/controllers/default.py: 0
[2013-01-07 11:16:12] EDIT moviedb/controllers/default.py: 0
[2013-01-07 11:32:54] EDIT moviedb/views/default/tmdb_search.html: 0
[2013-01-07 11:33:57] EDIT moviedb/models/db.py: 0
[2013-01-07 11:34:31] EDIT moviedb/models/db.py: 0
[2013-01-07 11:35:26] EDIT moviedb/models/db.py: 0
[2013-01-07 11:35:32] EDIT moviedb/models/db.py: 0
[2013-01-07 11:45:32] EDIT moviedb/controllers/default.py: 1
[2013-01-07 11:45:42] EDIT moviedb/controllers/default.py: 0
[2013-01-07 12:28:55] EDIT moviedb/controllers/default.py: -1
[2013-01-07 12:38:48] EDIT moviedb/controllers/default.py: 1
[2013-01-07 12:39:28] EDIT moviedb/controllers/default.py: 1
[2013-01-07 12:40:05] EDIT moviedb/controllers/default.py: 0
[2013-01-07 12:49:48] EDIT moviedb/controllers/default.py: 0
[2013-01-07 12:50:04] EDIT moviedb/controllers/default.py: 0
[2013-01-07 12:55:28] EDIT moviedb/controllers/default.py: 1
[2013-01-07 12:55:58] EDIT moviedb/controllers/default.py: 0
[2013-01-07 12:56:15] EDIT moviedb/controllers/default.py: 0
[2013-01-07 12:56:30] EDIT moviedb/controllers/default.py: 0
[2013-01-07 12:56:44] EDIT moviedb/controllers/default.py: 0
[2013-01-07 12:56:55] EDIT moviedb/controllers/default.py: 0
[2013-01-07 13:00:50] EDIT moviedb/controllers/default.py: 2
[2013-01-07 13:01:51] EDIT moviedb/controllers/default.py: 0
[2013-01-07 13:02:23] EDIT moviedb/controllers/default.py: 0
[2013-01-07 13:03:03] EDIT moviedb/controllers/default.py: 0
[2013-01-07 13:03:14] EDIT moviedb/controllers/default.py: 0
[2013-01-07 13:03:51] EDIT moviedb/controllers/default.py: 0
[2013-01-07 13:04:11] EDIT moviedb/controllers/default.py: 0
[2013-01-07 13:04:56] EDIT moviedb/controllers/default.py: 0
[2013-01-07 13:05:23] EDIT moviedb/controllers/default.py: 0
[2013-01-07 13:05:56] EDIT moviedb/controllers/default.py: 0
[2013-01-07 13:05:59] EDIT moviedb/controllers/default.py: 0
[2013-01-07 13:06:36] EDIT moviedb/controllers/default.py: 0
[2013-01-07 13:08:23] EDIT moviedb/models/db.py: 1
[2013-01-07 13:09:03] EDIT moviedb/controllers/default.py: 0
[2013-01-07 13:13:13] EDIT moviedb/controllers/default.py: 0
[2013-01-07 13:13:31] EDIT moviedb/controllers/default.py: 0
[2013-01-07 13:13:41] EDIT moviedb/controllers/default.py: 0
[2013-01-07 13:14:07] EDIT moviedb/controllers/default.py: 1
[2013-01-07 13:15:19] EDIT moviedb/controllers/default.py: -1
[2013-01-07 13:15:26] EDIT moviedb/controllers/default.py: 0
[2013-01-07 13:15:44] EDIT moviedb/controllers/default.py: 0
[2013-01-07 13:16:06] EDIT moviedb/controllers/default.py: 0
[2013-01-07 13:16:47] EDIT moviedb/controllers/default.py: 1
[2013-01-07 13:22:02] EDIT moviedb/controllers/default.py: 3
[2013-01-07 13:22:13] EDIT moviedb/controllers/default.py: 0
[2013-01-07 13:23:54] EDIT moviedb/controllers/default.py: 1
[2013-01-07 13:25:34] EDIT moviedb/controllers/default.py: 0
[2013-01-07 13:25:43] EDIT moviedb/controllers/default.py: 0
[2013-01-07 13:26:05] EDIT moviedb/controllers/default.py: 0
[2013-01-07 13:26:32] EDIT moviedb/controllers/default.py: 0
[2013-01-07 13:26:57] EDIT moviedb/controllers/default.py: -2
[2013-01-07 13:28:45] EDIT moviedb/controllers/default.py: 1
[2013-01-07 13:28:52] EDIT moviedb/controllers/default.py: -1
[2013-01-07 13:36:19] EDIT moviedb/controllers/default.py: 2
[2013-01-07 13:47:20] EDIT moviedb/controllers/default.py: 2
[2013-01-07 14:01:50] EDIT moviedb/controllers/default.py: 6
[2013-01-07 14:02:42] EDIT moviedb/controllers/default.py: 0
[2013-01-07 14:03:46] EDIT moviedb/controllers/default.py: 1
[2013-01-07 14:06:40] EDIT moviedb/controllers/default.py: 0
[2013-01-07 14:09:52] EDIT moviedb/controllers/default.py: 0
[2013-01-07 14:10:06] EDIT moviedb/controllers/default.py: 0
[2013-01-07 14:11:27] EDIT moviedb/controllers/default.py: 1
[2013-01-07 14:11:39] EDIT moviedb/controllers/default.py: 0
[2013-01-07 14:11:55] EDIT moviedb/controllers/default.py: 0
[2013-01-07 14:13:21] EDIT moviedb/controllers/default.py: 0
[2013-01-07 14:13:34] EDIT moviedb/controllers/default.py: 0
[2013-01-07 14:17:00] EDIT moviedb/controllers/default.py: 1
[2013-01-07 14:18:00] EDIT moviedb/controllers/default.py: 0
[2013-01-07 14:19:33] EDIT moviedb/controllers/default.py: 0
[2013-01-07 14:19:50] EDIT moviedb/controllers/default.py: 0
[2013-01-07 14:20:36] EDIT moviedb/controllers/default.py: -1
[2013-01-07 14:20:53] EDIT moviedb/controllers/default.py: 0
[2013-01-07 14:21:41] EDIT moviedb/controllers/default.py: 0
[2013-01-07 14:22:27] EDIT moviedb/controllers/default.py: 0
[2013-01-07 14:23:57] EDIT moviedb/controllers/default.py: 0
[2013-01-07 14:24:19] EDIT moviedb/controllers/default.py: 0
[2013-01-07 14:24:23] EDIT moviedb/controllers/default.py: 0
[2013-01-07 14:26:39] EDIT moviedb/controllers/default.py: 1
[2013-01-07 14:28:16] EDIT moviedb/controllers/default.py: 0
[2013-01-07 14:30:23] EDIT moviedb/controllers/default.py: 4
[2013-01-07 14:31:26] EDIT moviedb/controllers/default.py: 0
[2013-01-07 14:32:21] EDIT moviedb/controllers/default.py: 0
[2013-01-07 14:32:29] EDIT moviedb/controllers/default.py: 0
[2013-01-07 14:34:00] EDIT moviedb/controllers/default.py: 0
[2013-01-07 14:36:42] EDIT moviedb/controllers/default.py: 0
[2013-01-07 14:36:54] EDIT moviedb/controllers/default.py: 0
[2013-01-07 14:39:15] EDIT moviedb/models/db.py: 0
[2013-01-07 14:41:17] EDIT moviedb/controllers/default.py: 0
[2013-01-07 14:42:45] EDIT moviedb/models/db.py: 0
[2013-01-07 14:43:04] EDIT moviedb/models/db.py: 0
[2013-01-07 14:52:26] EDIT moviedb/models/db.py: 0
[2013-01-07 15:00:35] EDIT moviedb/models/db.py: 0
[2013-01-07 15:07:25] EDIT moviedb/controllers/default.py: 0
[2013-01-07 15:08:25] EDIT moviedb/controllers/default.py: 0
[2013-01-07 15:08:42] EDIT moviedb/controllers/default.py: 0
[2013-01-07 15:17:37] EDIT moviedb/controllers/default.py: 0
[2013-01-07 15:18:03] EDIT moviedb/controllers/default.py: 0
[2013-01-07 15:18:24] EDIT moviedb/controllers/default.py: 0
[2013-01-07 15:18:39] EDIT moviedb/controllers/default.py: 0
[2013-01-07 15:18:49] EDIT moviedb/controllers/default.py: 0
[2013-01-07 15:19:19] EDIT moviedb/controllers/default.py: 0
[2013-01-07 15:19:57] EDIT moviedb/controllers/default.py: 1
[2013-01-07 15:20:14] EDIT moviedb/controllers/default.py: 0
[2013-01-07 15:21:25] EDIT moviedb/controllers/default.py: -1
[2013-01-07 15:21:55] EDIT moviedb/controllers/default.py: 0
[2013-01-07 15:22:23] EDIT moviedb/controllers/default.py: 0
[2013-01-07 15:22:44] EDIT moviedb/controllers/default.py: 0
[2013-01-07 15:22:57] EDIT moviedb/controllers/default.py: 0
[2013-01-07 15:23:07] EDIT moviedb/controllers/default.py: 0
[2013-01-07 15:24:45] EDIT moviedb/controllers/default.py: 0
[2013-01-07 15:25:02] EDIT moviedb/controllers/default.py: 0
[2013-01-07 15:25:29] EDIT moviedb/controllers/default.py: 0
[2013-01-07 15:26:13] EDIT moviedb/controllers/default.py: 0
[2013-01-07 15:26:40] EDIT moviedb/controllers/default.py: 0
[2013-01-07 15:28:47] EDIT moviedb/controllers/default.py: -1
[2013-01-07 15:29:08] EDIT moviedb/controllers/default.py: 0
[2013-01-07 15:29:17] EDIT moviedb/controllers/default.py: 0
[2013-01-07 15:29:51] EDIT moviedb/controllers/default.py: 0
[2013-01-07 15:30:08] EDIT moviedb/controllers/default.py: 0
[2013-01-07 15:30:43] EDIT moviedb/controllers/default.py: 0
[2013-01-07 15:31:55] EDIT moviedb/controllers/default.py: 0
[2013-01-07 15:32:54] EDIT moviedb/controllers/default.py: 0
[2013-01-07 15:33:07] EDIT moviedb/controllers/default.py: 0
[2013-01-07 15:33:53] EDIT moviedb/controllers/default.py: 0
[2013-01-07 15:35:00] EDIT moviedb/controllers/default.py: 0
[2013-01-07 15:35:24] EDIT moviedb/controllers/default.py: 0
[2013-01-07 15:35:54] EDIT moviedb/controllers/default.py: 0
[2013-01-08 15:30:03] EDIT moviedb/controllers/default.py: 1
[2013-01-08 15:30:23] EDIT moviedb/controllers/default.py: 0
[2013-01-08 15:32:41] EDIT moviedb/controllers/default.py: 0
[2013-01-08 15:33:05] EDIT moviedb/controllers/default.py: 0
[2013-01-08 15:33:11] EDIT moviedb/controllers/default.py: 0
[2013-01-08 15:35:45] EDIT moviedb/controllers/default.py: -2
[2013-01-08 15:36:26] EDIT moviedb/controllers/default.py: 0
[2013-01-08 15:37:34] EDIT moviedb/controllers/default.py: -7
[2013-01-08 15:37:38] EDIT moviedb/controllers/default.py: 0
[2013-01-08 15:39:02] EDIT moviedb/controllers/default.py: 0
[2013-01-08 15:40:03] EDIT moviedb/controllers/default.py: 1
[2013-01-08 15:40:38] EDIT moviedb/controllers/default.py: 0
[2013-01-08 15:40:53] EDIT moviedb/controllers/default.py: 0
[2013-01-08 15:45:46] EDIT moviedb/controllers/default.py: 0
[2013-01-08 15:46:17] EDIT moviedb/controllers/default.py: 0
[2013-01-08 15:47:46] CREATE default/index.orig: 0
[2013-01-08 15:47:50] EDIT moviedb/views/default/index.orig: 32
[2013-01-08 15:48:13] EDIT moviedb/views/default/index.html: -29
[2013-01-08 15:48:16] EDIT moviedb/views/default/index.html: 0
[2013-01-08 15:51:51] EDIT moviedb/models/db.py: 1
[2013-01-08 15:52:41] EDIT moviedb/models/db.py: 0
[2013-01-08 15:53:02] EDIT moviedb/models/db.py: 0
[2013-01-08 15:53:28] EDIT moviedb/models/db.py: 0
[2013-01-08 15:56:27] EDIT moviedb/controllers/default.py: 0
[2013-01-08 16:13:52] EDIT moviedb/controllers/default.py: 7
[2013-01-08 16:14:10] EDIT moviedb/controllers/default.py: 0
[2013-01-08 16:16:01] EDIT moviedb/models/db.py: 1
[2013-01-08 16:20:05] EDIT moviedb/controllers/default.py: 11
[2013-01-08 16:21:37] EDIT moviedb/controllers/default.py: 2
[2013-01-08 16:21:41] EDIT moviedb/controllers/default.py: 0
[2013-01-08 16:22:36] EDIT moviedb/controllers/default.py: 0
[2013-01-08 16:29:14] EDIT moviedb/controllers/default.py: 1
[2013-01-08 16:30:17] EDIT moviedb/models/db.py: 0
[2013-01-08 16:31:02] EDIT moviedb/controllers/default.py: -1
[2013-01-08 16:31:22] EDIT moviedb/controllers/default.py: 0
[2013-01-08 16:32:50] EDIT moviedb/controllers/default.py: 2
[2013-01-08 16:33:46] EDIT moviedb/controllers/default.py: 1
[2013-01-08 16:34:40] EDIT moviedb/models/db.py: 0
[2013-01-08 16:35:22] EDIT moviedb/controllers/default.py: 3
[2013-01-08 16:36:43] EDIT moviedb/models/db.py: 0
[2013-01-08 16:38:38] EDIT moviedb/controllers/default.py: 0
[2013-01-09 14:44:03] EDIT moviedb/models/db.py: 0
[2013-01-09 14:47:40] EDIT moviedb/models/db.py: 0
[2013-01-09 14:48:18] EDIT moviedb/controllers/default.py: 2
[2013-01-09 14:48:22] EDIT moviedb/controllers/default.py: 0
[2013-01-09 14:49:23] EDIT moviedb/models/db.py: 0
[2013-01-09 14:51:58] EDIT moviedb/models/db.py: 1
[2013-01-09 14:52:28] EDIT moviedb/models/db.py: 0
[2013-01-09 14:52:38] EDIT moviedb/models/db.py: 0
[2013-01-09 14:52:47] EDIT moviedb/models/db.py: 0
[2013-01-09 14:53:01] EDIT moviedb/models/db.py: 0
[2013-01-09 14:53:19] EDIT moviedb/models/db.py: 0
[2013-01-09 14:53:56] EDIT moviedb/models/db.py: 0
[2013-01-09 14:55:05] EDIT moviedb/models/db.py: 1
[2013-01-09 14:55:29] EDIT moviedb/models/db.py: 0
[2013-01-09 14:56:08] EDIT moviedb/models/db.py: 0
[2013-01-09 14:56:56] EDIT moviedb/models/db.py: 0
[2013-01-09 14:59:41] EDIT moviedb/controllers/default.py: 0
[2013-01-09 15:00:15] EDIT moviedb/controllers/default.py: 0
[2013-01-09 15:00:48] EDIT moviedb/controllers/default.py: 0
[2013-01-09 15:01:25] EDIT moviedb/controllers/default.py: 2
[2013-01-09 15:02:08] EDIT moviedb/controllers/default.py: 0
[2013-01-09 15:02:28] EDIT moviedb/controllers/default.py: 0
[2013-01-09 15:03:26] EDIT moviedb/controllers/default.py: 0
[2013-01-09 15:05:00] EDIT moviedb/controllers/default.py: 0
[2013-01-09 15:05:55] EDIT moviedb/controllers/default.py: 0
[2013-01-09 15:06:18] EDIT moviedb/controllers/default.py: 0
[2013-01-09 15:06:56] EDIT moviedb/controllers/default.py: 0
[2013-01-09 15:10:06] EDIT moviedb/controllers/default.py: 0
[2013-01-09 15:10:11] EDIT moviedb/controllers/default.py: 0
[2013-01-09 15:11:29] EDIT moviedb/controllers/default.py: 0
[2013-01-09 15:24:28] EDIT moviedb/models/db.py: 2
[2013-01-09 15:27:00] EDIT moviedb/models/db.py: 1
[2013-01-09 15:29:29] EDIT moviedb/models/db.py: 1
[2013-01-09 15:29:52] EDIT moviedb/models/db.py: -1
[2013-01-09 15:30:16] EDIT moviedb/models/db.py: 1
[2013-01-09 15:30:37] EDIT moviedb/models/db.py: 0
[2013-01-09 15:31:06] EDIT moviedb/models/db.py: -1
[2013-01-09 15:32:48] EDIT moviedb/models/db.py: 1
[2013-01-09 15:34:01] EDIT moviedb/models/db.py: 1
[2013-01-09 15:34:07] EDIT moviedb/models/db.py: 0
[2013-01-09 15:34:26] EDIT moviedb/models/db.py: 0
[2013-01-09 15:35:19] EDIT moviedb/models/db.py: -1
[2013-01-09 15:35:31] EDIT moviedb/models/db.py: 0
[2013-01-09 15:36:31] EDIT moviedb/models/db.py: 1
[2013-01-09 15:37:03] EDIT moviedb/models/db.py: -1
[2013-01-09 15:37:17] EDIT moviedb/models/db.py: 0
[2013-01-09 15:38:07] EDIT moviedb/models/db.py: 1
[2013-01-09 15:38:41] EDIT moviedb/models/db.py: 0
[2013-01-09 15:39:38] EDIT moviedb/models/db.py: 0
[2013-01-09 15:40:58] EDIT moviedb/models/db.py: 0
[2013-01-09 15:45:07] EDIT moviedb/models/db.py: -1
[2013-01-10 08:58:21] EDIT moviedb/models/db.py: 0
[2013-01-10 08:58:30] EDIT moviedb/models/db.py: 0
[2013-01-10 08:58:42] EDIT moviedb/models/db.py: 0
[2013-01-10 08:58:48] EDIT moviedb/models/db.py: 0
[2013-01-10 08:59:09] EDIT moviedb/models/db.py: 0
[2013-01-10 08:59:35] EDIT moviedb/models/db.py: 0
[2013-01-10 08:59:52] EDIT moviedb/models/db.py: 0
[2013-01-10 09:00:05] EDIT moviedb/models/db.py: 0
[2013-01-10 09:00:34] EDIT moviedb/models/db.py: 0
[2013-01-10 09:00:53] EDIT moviedb/models/db.py: 0
[2013-01-10 09:01:13] EDIT moviedb/models/db.py: 0
[2013-01-10 09:01:16] EDIT moviedb/models/db.py: 0
[2013-01-10 09:01:27] EDIT moviedb/models/db.py: 0
[2013-01-10 09:01:55] EDIT moviedb/models/db.py: 0
[2013-01-10 09:02:42] EDIT moviedb/models/db.py: 0
[2013-01-10 09:10:49] EDIT moviedb/models/db.py: 1
[2013-01-10 09:14:18] EDIT moviedb/models/db.py: 0
[2013-01-10 09:14:37] EDIT moviedb/models/db.py: 0
[2013-01-10 09:16:59] EDIT moviedb/controllers/default.py: 1
[2013-01-10 09:17:16] EDIT moviedb/controllers/default.py: 0
[2013-01-10 09:18:56] CREATE default/film.html: 0
[2013-01-10 09:19:00] EDIT moviedb/views/default/film.html: 0
[2013-01-10 09:19:19] EDIT moviedb/views/default/film.html: -1
[2013-01-10 09:19:46] EDIT moviedb/views/default/film.html: 0
[2013-01-10 09:21:46] EDIT moviedb/models/db.py: 1
[2013-01-10 09:22:01] EDIT moviedb/models/db.py: 0
[2013-01-10 09:22:16] EDIT moviedb/views/default/film.html: 3
[2013-01-10 09:22:37] EDIT moviedb/views/default/film.html: 0
[2013-01-10 09:24:02] EDIT moviedb/views/default/film.html: 4
[2013-01-10 09:24:14] EDIT moviedb/views/default/film.html: 0
[2013-01-10 09:25:29] EDIT moviedb/models/db.py: 0
[2013-01-10 09:25:51] EDIT moviedb/views/default/film.html: -3
[2013-01-10 09:26:14] EDIT moviedb/models/db.py: 0
[2013-01-10 09:33:06] EDIT moviedb/models/db.py: 0
[2013-01-10 09:34:02] EDIT moviedb/models/db.py: -2
[2013-01-10 09:35:48] EDIT moviedb/controllers/default.py: 2
[2013-01-10 09:35:57] EDIT moviedb/controllers/default.py: 0
[2013-01-10 09:36:12] EDIT moviedb/views/default/film.html: 0
[2013-01-10 09:37:18] EDIT moviedb/controllers/default.py: 0
[2013-01-10 09:37:48] EDIT moviedb/controllers/default.py: 0
[2013-01-10 09:37:56] EDIT moviedb/controllers/default.py: 0
[2013-01-10 09:45:30] EDIT moviedb/controllers/default.py: 1
[2013-01-10 09:45:44] EDIT moviedb/controllers/default.py: 0
[2013-01-10 09:46:13] EDIT moviedb/controllers/default.py: 0
[2013-01-10 09:46:46] EDIT moviedb/controllers/default.py: 0
[2013-01-10 09:47:03] EDIT moviedb/controllers/default.py: 0
[2013-01-10 09:47:29] EDIT moviedb/controllers/default.py: 1
[2013-01-10 09:47:41] EDIT moviedb/controllers/default.py: 0
[2013-01-10 09:48:15] EDIT moviedb/controllers/default.py: 0
[2013-01-10 09:49:18] EDIT moviedb/controllers/default.py: 0
[2013-01-10 09:50:11] EDIT moviedb/controllers/default.py: 0
[2013-01-10 09:51:55] EDIT moviedb/controllers/default.py: 1
[2013-01-10 09:54:56] EDIT moviedb/controllers/default.py: -1
[2013-01-10 09:58:00] EDIT moviedb/controllers/default.py: -1
[2013-01-10 09:58:07] EDIT moviedb/controllers/default.py: 0
[2013-01-10 10:05:17] EDIT moviedb/controllers/default.py: 0
[2013-01-10 10:05:40] EDIT moviedb/controllers/default.py: 0
[2013-01-10 10:05:52] EDIT moviedb/controllers/default.py: 0
[2013-01-10 10:06:07] EDIT moviedb/controllers/default.py: 0
[2013-01-10 10:06:16] EDIT moviedb/controllers/default.py: 0
[2013-01-10 10:07:38] EDIT moviedb/controllers/default.py: 0
[2013-01-10 10:07:45] EDIT moviedb/controllers/default.py: 0
[2013-01-10 10:09:10] EDIT moviedb/controllers/default.py: 1
[2013-01-10 10:10:05] EDIT moviedb/models/db.py: 2
[2013-01-10 10:10:16] EDIT moviedb/models/db.py: -1
[2013-01-10 10:10:49] EDIT moviedb/models/db.py: 1
[2013-01-10 10:11:20] EDIT moviedb/controllers/default.py: -2
[2013-01-10 10:11:39] EDIT moviedb/controllers/default.py: 0
[2013-01-10 10:11:54] EDIT moviedb/controllers/default.py: 0
[2013-01-10 10:17:54] EDIT moviedb/controllers/default.py: 6
[2013-01-10 10:18:57] EDIT moviedb/controllers/default.py: 0
[2013-01-10 10:19:36] EDIT moviedb/controllers/default.py: 0
[2013-01-10 10:57:38] EDIT moviedb/controllers/default.py: 0
[2013-01-10 12:48:51] EDIT moviedb/models/db.py: 1
[2013-01-10 12:49:07] EDIT moviedb/models/db.py: 0
[2013-01-10 14:22:29] EDIT moviedb/models/db.py: 1
[2013-01-10 14:22:39] EDIT moviedb/views/default/film.html: 0
[2013-01-10 14:22:49] EDIT moviedb/views/default/film.html: 0
[2013-01-10 14:23:03] EDIT moviedb/models/db.py: 0
[2013-01-10 14:23:50] EDIT moviedb/models/db.py: 0
[2013-01-10 14:24:20] EDIT moviedb/models/db.py: 0
[2013-01-10 14:24:42] EDIT moviedb/models/db.py: 0
[2013-01-10 14:25:00] EDIT moviedb/models/db.py: -1
[2013-01-10 14:25:20] EDIT moviedb/views/default/film.html: 0
[2013-01-10 14:25:37] EDIT moviedb/views/default/film.html: 0
[2013-01-10 14:26:01] EDIT moviedb/views/default/film.html: 0
[2013-01-10 14:26:16] EDIT moviedb/views/default/film.html: 0
[2013-01-10 14:26:38] EDIT moviedb/views/default/film.html: 0
[2013-01-10 14:29:43] EDIT moviedb/views/default/film.html: 0
[2013-01-10 14:30:01] EDIT moviedb/views/default/film.html: 0
[2013-01-10 14:30:22] EDIT moviedb/views/default/film.html: 0
[2013-01-10 14:30:33] EDIT moviedb/views/default/film.html: 0
[2013-01-10 14:31:38] EDIT moviedb/views/default/film.html: 0
[2013-01-10 14:31:49] EDIT moviedb/views/default/film.html: 0
[2013-01-10 14:33:03] EDIT moviedb/views/default/film.html: 3
[2013-01-10 14:33:19] EDIT moviedb/views/default/film.html: 0
[2013-01-10 14:33:41] EDIT moviedb/views/default/film.html: 1
[2013-01-10 14:33:50] EDIT moviedb/views/default/film.html: 0
[2013-01-10 14:34:22] EDIT moviedb/views/default/film.html: 0
[2013-01-10 14:35:07] EDIT moviedb/views/default/film.html: 0
[2013-01-10 14:35:52] EDIT moviedb/views/default/film.html: 0
[2013-01-10 14:37:21] EDIT moviedb/views/default/film.html: -1
[2013-01-10 14:37:44] EDIT moviedb/views/default/film.html: -1
[2013-01-10 14:38:15] EDIT moviedb/views/default/film.html: 0
[2013-01-10 14:38:35] EDIT moviedb/views/default/film.html: -1
[2013-01-10 14:38:40] EDIT moviedb/views/default/film.html: 1
[2013-01-10 14:42:16] EDIT moviedb/views/default/film.html: 2
[2013-01-10 14:43:30] EDIT moviedb/views/default/film.html: 1
[2013-01-10 14:43:40] EDIT moviedb/views/default/film.html: 0
[2013-01-10 14:44:02] EDIT moviedb/models/db.py: 0
[2013-01-10 14:44:19] EDIT moviedb/views/default/film.html: 1
[2013-01-10 14:44:59] EDIT moviedb/views/default/film.html: 1
[2013-01-10 14:45:40] EDIT moviedb/views/default/film.html: 0
[2013-01-10 14:46:46] EDIT moviedb/views/default/film.html: 0
[2013-01-10 14:47:09] EDIT moviedb/views/default/film.html: 0
[2013-01-10 14:48:15] EDIT moviedb/views/default/film.html: 0
[2013-01-10 14:48:40] EDIT moviedb/views/default/film.html: 0
[2013-01-10 14:49:24] EDIT moviedb/views/default/film.html: 0
[2013-01-10 14:49:39] EDIT moviedb/views/default/film.html: 0
[2013-01-10 14:50:06] EDIT moviedb/views/default/film.html: 0
[2013-01-10 14:50:48] EDIT moviedb/views/default/film.html: 0
[2013-01-10 14:51:51] EDIT moviedb/views/default/film.html: 0
[2013-01-10 14:52:59] EDIT moviedb/views/default/film.html: 4
[2013-01-10 14:53:43] EDIT moviedb/views/default/film.html: 0
[2013-01-10 14:54:05] EDIT moviedb/views/default/film.html: 0
[2013-01-10 14:54:24] EDIT moviedb/views/default/film.html: 2
[2013-01-10 14:55:32] EDIT moviedb/views/default/film.html: 0
[2013-01-10 14:55:53] EDIT moviedb/views/default/film.html: 0
[2013-01-10 14:56:24] EDIT moviedb/views/default/film.html: 0
[2013-01-10 14:57:27] EDIT moviedb/views/default/film.html: 0
[2013-01-10 14:57:40] EDIT moviedb/views/default/film.html: 0
[2013-01-10 14:57:55] EDIT moviedb/views/default/film.html: 0
[2013-01-10 14:59:12] EDIT moviedb/views/default/film.html: 0
[2013-01-10 15:00:02] EDIT moviedb/views/default/film.html: 0
[2013-01-10 15:01:48] EDIT moviedb/views/default/film.html: 6
[2013-01-10 15:03:11] EDIT moviedb/views/default/film.html: 3
[2013-01-10 15:03:43] EDIT moviedb/views/default/film.html: 1
[2013-01-10 15:04:00] EDIT moviedb/views/default/film.html: 0
[2013-01-10 15:04:04] EDIT moviedb/views/default/film.html: 0
[2013-01-10 15:04:39] EDIT moviedb/views/default/film.html: 3
[2013-01-10 15:04:57] EDIT moviedb/views/default/film.html: -8
[2013-01-10 15:05:15] EDIT moviedb/views/default/film.html: 1
[2013-01-10 15:06:42] EDIT moviedb/views/default/film.html: 0
[2013-01-10 15:07:17] EDIT moviedb/views/default/film.html: 1
[2013-01-10 15:07:54] EDIT moviedb/views/default/film.html: 0
[2013-01-10 15:08:05] EDIT moviedb/views/default/film.html: 0
[2013-01-10 15:08:34] EDIT moviedb/views/default/film.html: 0
[2013-01-10 15:08:38] EDIT moviedb/views/default/film.html: 0
[2013-01-10 15:10:03] EDIT moviedb/views/default/film.html: 5
[2013-01-10 15:10:32] EDIT moviedb/views/default/film.html: 0
[2013-01-10 16:16:54] EDIT moviedb/controllers/default.py: 1
[2013-01-10 16:17:44] EDIT moviedb/controllers/default.py: 0
[2013-01-10 16:18:04] EDIT moviedb/controllers/default.py: 0
[2013-01-10 16:18:22] EDIT moviedb/controllers/default.py: 0
[2013-01-10 16:22:36] EDIT moviedb/controllers/default.py: 1
[2013-01-10 16:23:09] EDIT moviedb/controllers/default.py: -1
[2013-01-11 15:57:29] EDIT moviedb/controllers/default.py: 12
[2013-01-11 16:00:45] EDIT moviedb/controllers/default.py: 16
[2013-01-11 16:01:18] EDIT moviedb/controllers/default.py: 1
[2013-01-11 16:04:59] EDIT moviedb/controllers/default.py: 1
[2013-01-11 16:05:31] EDIT moviedb/controllers/default.py: 0
[2013-01-11 16:05:35] EDIT moviedb/controllers/default.py: 0
[2013-01-11 16:08:15] EDIT moviedb/controllers/default.py: 0
[2013-01-11 16:09:00] EDIT moviedb/controllers/default.py: 1
[2013-01-11 16:09:59] EDIT moviedb/controllers/default.py: 0
[2013-01-11 16:11:10] EDIT moviedb/controllers/default.py: 0
[2013-01-11 16:11:33] EDIT moviedb/controllers/default.py: 0
[2013-01-11 16:13:33] EDIT moviedb/controllers/default.py: 2
[2013-01-11 16:13:37] EDIT moviedb/controllers/default.py: 0
[2013-01-11 16:14:45] EDIT moviedb/controllers/default.py: 0
[2013-01-11 16:15:27] EDIT moviedb/controllers/default.py: 0
[2013-01-11 16:15:32] EDIT moviedb/controllers/default.py: 0
[2013-01-11 16:16:15] EDIT moviedb/controllers/default.py: 0
[2013-01-11 16:16:49] EDIT moviedb/controllers/default.py: 0
[2013-01-11 16:17:19] EDIT moviedb/controllers/default.py: 0
[2013-01-11 16:17:26] EDIT moviedb/controllers/default.py: 0
[2013-01-11 16:18:19] EDIT moviedb/controllers/default.py: 1
[2013-01-11 16:18:40] EDIT moviedb/controllers/default.py: 0
[2013-01-11 16:19:06] EDIT moviedb/controllers/default.py: 0
[2013-01-11 16:19:43] EDIT moviedb/controllers/default.py: 0
[2013-01-11 16:20:27] EDIT moviedb/controllers/default.py: 0
[2013-01-11 16:21:19] EDIT moviedb/controllers/default.py: 0
[2013-01-11 16:22:48] EDIT moviedb/controllers/default.py: 0
[2013-01-11 16:24:55] EDIT moviedb/controllers/default.py: 2
[2013-01-11 16:24:58] EDIT moviedb/controllers/default.py: 0
[2013-01-11 16:27:33] EDIT moviedb/controllers/default.py: 0
[2013-01-11 16:29:10] EDIT moviedb/controllers/default.py: 1
[2013-01-11 16:29:27] EDIT moviedb/controllers/default.py: 0
[2013-01-11 16:29:35] EDIT moviedb/controllers/default.py: 0
[2013-01-11 16:30:17] EDIT moviedb/controllers/default.py: 0
[2013-01-11 16:31:08] EDIT moviedb/controllers/default.py: 0
[2013-01-11 16:31:37] EDIT moviedb/controllers/default.py: -1
[2013-01-11 16:31:59] EDIT moviedb/controllers/default.py: 1
[2013-01-11 16:32:20] EDIT moviedb/controllers/default.py: 0
[2013-01-11 16:32:59] EDIT moviedb/controllers/default.py: 0
[2013-01-11 16:35:32] EDIT moviedb/controllers/default.py: 0
[2013-01-11 16:35:52] EDIT moviedb/controllers/default.py: 0
[2013-01-11 16:36:30] EDIT moviedb/controllers/default.py: 0
[2013-01-11 16:36:49] EDIT moviedb/controllers/default.py: 0
[2013-01-11 16:37:19] EDIT moviedb/controllers/default.py: 0
[2013-01-11 16:37:56] EDIT moviedb/controllers/default.py: 0
[2013-01-11 16:38:09] EDIT moviedb/controllers/default.py: 0
[2013-01-16 10:33:38] EDIT moviedb/controllers/default.py: 2
[2013-01-16 10:38:33] EDIT moviedb/controllers/default.py: 4
[2013-01-16 10:41:56] EDIT moviedb/controllers/default.py: 0
[2013-01-16 10:45:07] EDIT moviedb/views/default/film.html: 2
[2013-01-16 10:47:11] EDIT moviedb/controllers/default.py: 3
[2013-01-16 10:48:24] EDIT moviedb/views/default/film.html: 0
[2013-01-16 10:49:37] EDIT moviedb/views/default/film.html: 0
[2013-01-16 10:50:14] EDIT moviedb/controllers/default.py: 0
[2013-01-16 10:50:43] EDIT moviedb/controllers/default.py: 0
[2013-01-16 10:54:02] EDIT moviedb/controllers/default.py: 0
[2013-01-16 10:55:17] EDIT moviedb/controllers/default.py: 1
[2013-01-16 10:56:03] EDIT moviedb/controllers/default.py: -1
[2013-01-16 10:56:22] EDIT moviedb/controllers/default.py: -1
[2013-01-16 10:56:55] EDIT moviedb/controllers/default.py: 2
[2013-01-16 11:02:14] EDIT moviedb/controllers/default.py: 0
[2013-01-16 11:03:03] EDIT moviedb/controllers/default.py: 1
[2013-01-16 11:03:50] EDIT moviedb/controllers/default.py: 1
[2013-01-16 11:04:11] EDIT moviedb/controllers/default.py: 1
[2013-01-16 11:04:59] EDIT moviedb/controllers/default.py: 1
[2013-01-16 11:05:02] EDIT moviedb/controllers/default.py: 0
[2013-01-16 11:09:17] EDIT moviedb/controllers/default.py: 0
[2013-01-16 11:10:34] EDIT moviedb/controllers/default.py: 0
[2013-01-16 11:11:02] EDIT moviedb/controllers/default.py: 0
[2013-01-16 11:15:02] EDIT moviedb/views/default/index.html: 1
[2013-01-16 11:15:13] EDIT moviedb/views/default/index.html: 0
[2013-01-17 13:34:48] EDIT moviedb/controllers/default.py: 0
[2013-01-17 14:35:11] EDIT moviedb/controllers/default.py: -37
[2013-03-18 11:22:34] EDIT moviedb/controllers/default.py: 0
[2013-03-18 11:24:05] EDIT moviedb/controllers/default.py: 0
[2013-03-18 11:25:02] EDIT moviedb/controllers/default.py: 0
[2013-03-18 11:25:44] EDIT moviedb/controllers/default.py: 0
[2013-03-18 11:28:20] EDIT moviedb/controllers/default.py: 0
[2013-03-18 11:29:14] EDIT moviedb/controllers/default.py: 0
[2013-03-18 11:30:29] EDIT moviedb/controllers/default.py: 0
[2013-03-18 11:30:48] EDIT moviedb/controllers/default.py: 0
[2013-03-18 11:33:34] EDIT moviedb/controllers/default.py: 1
[2013-03-18 11:33:57] EDIT moviedb/controllers/default.py: 0
[2013-03-18 11:35:07] EDIT moviedb/controllers/default.py: 0
[2013-03-18 11:36:10] EDIT moviedb/controllers/default.py: 1
[2013-03-18 11:53:01] EDIT moviedb/models/db.py: 0
[2013-03-18 11:53:14] EDIT moviedb/models/db.py: 0
[2013-03-18 11:54:06] EDIT moviedb/models/db.py: 0
[2013-03-18 11:54:27] EDIT moviedb/models/db.py: 0
[2013-03-18 11:54:51] EDIT moviedb/models/db.py: 0
[2013-03-18 11:57:18] EDIT moviedb/models/db.py: 0
[2013-03-18 11:57:40] EDIT moviedb/models/db.py: 0
[2013-03-18 12:00:10] EDIT moviedb/models/db.py: 0
[2013-03-18 14:24:34] EDIT moviedb/models/db.py: 0
[2013-03-18 14:27:04] EDIT moviedb/models/db.py: 0
[2013-03-18 14:27:51] EDIT moviedb/models/db.py: 0
[2013-03-18 14:43:32] EDIT moviedb/models/db.py: 6
[2013-03-18 14:50:45] EDIT moviedb/models/db.py: 1
[2013-03-18 15:15:12] EDIT moviedb/controllers/default.py: 5
[2013-03-18 15:15:19] EDIT moviedb/controllers/default.py: 0
[2013-03-18 15:16:08] EDIT moviedb/controllers/default.py: 0
[2013-03-18 15:19:18] EDIT moviedb/controllers/default.py: 0
[2013-03-18 15:21:32] EDIT moviedb/controllers/default.py: -1
[2013-03-18 15:22:13] EDIT moviedb/controllers/default.py: 0
[2013-03-18 15:22:42] EDIT moviedb/controllers/default.py: 0
[2013-03-18 15:41:21] EDIT moviedb/controllers/default.py: -4
[2013-03-18 15:41:53] EDIT moviedb/controllers/default.py: 0
[2013-03-18 15:42:34] EDIT moviedb/controllers/default.py: 0
[2013-03-18 15:55:39] EDIT moviedb/controllers/default.py: 10
[2013-03-18 15:58:45] EDIT moviedb/controllers/default.py: 1
[2013-03-18 16:00:59] EDIT moviedb/controllers/default.py: 0
[2013-03-18 16:02:44] EDIT moviedb/controllers/default.py: 0
[2013-03-18 16:04:01] EDIT moviedb/controllers/default.py: 0
[2013-03-18 16:05:41] EDIT moviedb/views/default/tmdb_search.html: 2
[2013-03-18 16:05:48] EDIT moviedb/controllers/default.py: 0
[2013-03-18 16:06:12] EDIT moviedb/views/default/tmdb_search.html: 0
[2013-03-18 16:06:42] EDIT moviedb/controllers/default.py: 0
[2013-03-18 16:07:05] EDIT moviedb/controllers/default.py: 0
[2013-03-18 16:11:56] EDIT moviedb/controllers/default.py: 0
[2013-03-18 16:12:05] EDIT moviedb/views/default/tmdb_search.html: 0
[2013-03-18 16:12:47] EDIT moviedb/controllers/default.py: 0
[2013-03-18 16:14:32] CREATE default/tmdb_update_movie.html: 0
[2013-03-18 16:17:29] EDIT moviedb/views/default/tmdb_update_movie.html: 12
[2013-03-18 16:17:38] EDIT moviedb/controllers/default.py: 0
[2013-03-18 16:19:26] EDIT moviedb/controllers/default.py: 0
[2013-03-18 16:20:46] EDIT moviedb/controllers/default.py: -2
[2013-03-18 16:21:12] EDIT moviedb/views/default/tmdb_update_movie.html: 0
[2013-03-18 16:21:31] EDIT moviedb/views/default/tmdb_update_movie.html: 0
[2013-03-18 16:22:04] EDIT moviedb/views/default/tmdb_update_movie.html: 0
[2013-03-18 16:26:42] EDIT moviedb/controllers/default.py: 44
[2013-03-18 16:29:45] EDIT moviedb/controllers/default.py: 0
[2013-03-18 16:30:07] EDIT moviedb/controllers/default.py: 0
[2013-03-18 16:30:24] EDIT moviedb/controllers/default.py: 0
[2013-03-18 16:31:43] EDIT moviedb/controllers/default.py: 0
[2013-03-18 16:32:11] EDIT moviedb/controllers/default.py: -1
[2013-03-18 16:35:11] EDIT moviedb/controllers/default.py: 0
[2013-03-19 15:29:43] EDIT moviedb/controllers/default.py: 1
[2013-03-19 15:33:56] EDIT moviedb/controllers/default.py: 0
[2013-03-19 15:34:15] EDIT moviedb/controllers/default.py: -1
[2013-03-19 16:08:47] EDIT moviedb/controllers/default.py: 3
[2013-03-19 16:09:26] EDIT moviedb/views/default/tmdb_update_movie.html: 0
[2013-03-19 16:09:43] EDIT moviedb/controllers/default.py: 0
[2013-03-19 16:20:53] CREATE css/moviedb.css: 0
[2013-03-19 16:21:43] EDIT moviedb/static/css/moviedb.css: 37
[2013-03-19 16:23:53] EDIT moviedb/views/default/tmdb_update_movie.html: 6
[2013-03-19 16:24:33] EDIT moviedb/static/css/moviedb.css: 0
[2013-03-19 16:25:02] EDIT moviedb/views/layout.html: 1
[2013-03-19 16:26:55] EDIT moviedb/static/css/moviedb.css: 0
[2013-03-19 16:28:15] EDIT moviedb/views/default/tmdb_update_movie.html: 0
[2013-03-19 16:29:08] EDIT moviedb/static/css/moviedb.css: 2
[2013-03-19 16:29:48] EDIT moviedb/static/css/moviedb.css: 0
[2013-03-19 16:30:20] EDIT moviedb/static/css/moviedb.css: 0
[2013-03-20 13:47:12] EDIT moviedb/controllers/default.py: -1
[2013-03-20 13:47:38] CREATE api_keys.py: 0
[2013-03-20 13:47:43] EDIT moviedb/private/api_keys.py: 1
[2013-03-20 13:48:16] EDIT moviedb/controllers/default.py: 1
[2013-03-20 13:55:14] EDIT moviedb/controllers/default.py: 1
[2013-03-20 13:55:38] EDIT moviedb/controllers/default.py: 1
[2013-03-20 13:56:03] EDIT moviedb/controllers/default.py: 1
[2013-03-20 13:56:30] EDIT moviedb/controllers/default.py: 0
[2013-03-20 13:59:01] EDIT moviedb/controllers/default.py: 2
[2013-03-20 13:59:15] EDIT moviedb/controllers/default.py: 0
[2013-03-20 13:59:28] EDIT moviedb/controllers/default.py: -2
[2013-03-20 15:13:08] EDIT moviedb/views/default/film.html: 0
[2013-03-20 15:15:27] EDIT moviedb/views/default/film.html: 0
[2013-03-20 15:15:44] EDIT moviedb/views/default/film.html: 0
[2013-03-20 15:15:50] EDIT moviedb/views/default/film.html: 0
[2013-03-20 15:16:06] EDIT moviedb/controllers/default.py: 14
[2013-03-20 15:16:30] EDIT moviedb/views/default/film.html: 3
[2013-03-20 15:17:12] EDIT moviedb/views/default/film.html: 0
[2013-03-20 15:17:38] EDIT moviedb/views/default/film.html: 0
[2013-03-20 15:18:29] EDIT moviedb/views/default/film.html: 0
[2013-03-20 15:19:01] EDIT moviedb/views/default/film.html: 0
[2013-03-20 15:19:53] EDIT moviedb/views/default/film.html: 0
[2013-03-20 15:20:32] EDIT moviedb/views/default/film.html: 0
[2013-03-20 15:21:40] EDIT moviedb/views/default/film.html: 0
[2013-03-20 15:24:13] EDIT moviedb/views/default/film.html: 0
[2013-03-20 15:27:33] EDIT moviedb/views/default/film.html: 0
[2013-03-20 15:29:45] EDIT moviedb/views/default/film.html: 2
[2013-03-20 15:29:48] EDIT moviedb/views/default/film.html: 0
[2013-03-20 15:31:44] EDIT moviedb/views/default/film.html: 0
[2013-03-20 15:33:53] EDIT moviedb/views/default/film.html: -1
[2013-03-20 15:34:42] EDIT moviedb/views/default/film.html: 0
[2013-03-20 15:35:19] EDIT moviedb/views/default/film.html: 0
[2013-03-20 15:37:55] EDIT moviedb/views/default/film.html: 1
[2013-03-20 15:38:58] EDIT moviedb/views/default/film.html: 0
[2013-03-20 15:39:20] EDIT moviedb/views/default/film.html: 0
[2013-03-20 15:39:54] EDIT moviedb/views/default/film.html: 0
[2013-03-20 15:40:07] EDIT moviedb/views/default/film.html: 0
[2013-03-20 15:40:18] EDIT moviedb/views/default/film.html: 0
[2013-03-20 15:40:26] EDIT moviedb/views/default/film.html: 0
[2013-03-20 15:41:09] EDIT moviedb/views/default/film.html: 0
[2013-03-20 15:42:32] EDIT moviedb/views/default/film.html: 0
[2013-03-20 15:43:05] EDIT moviedb/views/default/film.html: 0
[2013-03-20 15:43:27] EDIT moviedb/views/default/film.html: 0
[2013-03-20 15:43:50] EDIT moviedb/views/default/film.html: 0
[2013-03-20 15:44:10] EDIT moviedb/views/default/film.html: 0
[2013-03-20 15:53:11] EDIT moviedb/views/default/film.html: 8
[2013-03-20 15:53:32] EDIT moviedb/views/default/film.html: 0
[2013-03-20 15:54:18] EDIT moviedb/views/default/film.html: 0
[2013-03-20 15:54:27] EDIT moviedb/views/default/film.html: 0
[2013-03-20 15:58:18] EDIT moviedb/views/default/film.html: -9
[2013-03-20 15:58:25] EDIT moviedb/views/default/film.html: 0
[2013-03-20 15:58:45] EDIT moviedb/views/default/film.html: 0
[2013-03-20 15:59:10] EDIT moviedb/views/default/film.html: 0
[2013-03-20 15:59:35] EDIT moviedb/views/default/film.html: 0
[2013-03-20 15:59:59] EDIT moviedb/views/default/film.html: 0
[2013-03-20 16:00:59] EDIT moviedb/views/default/film.html: 0
[2013-03-20 16:04:03] EDIT moviedb/views/default/film.html: 1
[2013-03-20 16:04:45] EDIT moviedb/views/default/film.html: -1
[2013-03-20 16:05:06] EDIT moviedb/views/default/film.html: 0
[2013-03-20 16:05:56] EDIT moviedb/views/default/film.html: 0
[2013-03-20 16:07:38] EDIT moviedb/views/default/film.html: 0
[2013-03-20 16:08:09] EDIT moviedb/views/default/film.html: 0
[2013-03-20 16:09:00] EDIT moviedb/views/default/film.html: 0
[2013-03-20 16:09:22] EDIT moviedb/views/default/film.html: 0
[2013-03-20 16:09:35] EDIT moviedb/views/default/film.html: 0
[2013-03-20 16:09:57] EDIT moviedb/views/default/film.html: 0
[2013-03-20 16:10:55] EDIT moviedb/views/default/film.html: 0
[2013-03-20 16:13:58] EDIT moviedb/controllers/default.py: -5
[2013-03-20 16:15:26] EDIT moviedb/views/default/film.html: 18
[2013-03-20 16:15:40] EDIT moviedb/views/default/film.html: 0
[2013-03-20 16:15:51] EDIT moviedb/views/default/film.html: 0
[2013-03-20 16:16:21] EDIT moviedb/views/default/film.html: 0
[2013-03-20 16:16:33] EDIT moviedb/controllers/default.py: 0
[2013-03-20 16:24:31] EDIT moviedb/controllers/default.py: 0
[2013-03-20 16:25:54] CREATE default/tmdb_moviesearch.load: 0
[2013-03-20 16:27:17] EDIT moviedb/views/default/tmdb_moviesearch.load: -4
[2013-03-20 16:29:32] EDIT moviedb/views/default/film.html: 0
[2013-03-21 10:52:30] EDIT moviedb/views/default/film.html: 1
[2013-03-21 11:04:48] EDIT moviedb/views/default/film.html: 0
[2013-03-21 11:09:53] EDIT moviedb/views/default/film.html: -9
[2013-03-21 11:10:29] EDIT moviedb/views/default/film.html: 0
[2013-03-21 11:14:01] EDIT moviedb/static/css/moviedb.css: 10
[2013-03-21 11:28:40] EDIT moviedb/static/css/moviedb.css: 1
[2013-03-21 12:14:26] EDIT moviedb/controllers/default.py: 7
[2013-03-21 12:29:05] EDIT moviedb/views/default/film.html: 0
[2013-03-21 13:34:11] EDIT moviedb/views/default/film.html: 2
[2013-03-21 13:35:40] EDIT moviedb/views/default/film.html: 0
[2013-03-21 13:38:57] EDIT moviedb/views/default/film.html: 0
[2013-03-21 13:39:51] EDIT moviedb/views/default/film.html: -3
[2013-03-21 13:40:01] EDIT moviedb/views/default/film.html: 0
[2013-03-21 13:41:48] EDIT moviedb/views/default/film.html: 1
[2013-03-21 13:41:52] EDIT moviedb/views/default/film.html: 0
[2013-03-21 13:44:46] EDIT moviedb/views/default/film.html: 0
[2013-03-21 13:45:48] EDIT moviedb/views/default/film.html: 0
[2013-03-21 13:48:00] EDIT moviedb/views/default/film.html: 2
[2013-03-21 13:48:05] EDIT moviedb/views/default/film.html: 0
[2013-03-21 13:49:50] EDIT moviedb/views/default/film.html: 0
[2013-03-21 13:50:16] EDIT moviedb/controllers/default.py: 1
[2013-03-21 13:50:25] EDIT moviedb/controllers/default.py: 0
[2013-03-21 13:51:14] EDIT moviedb/views/default/film.html: 0
[2013-03-21 13:51:49] EDIT moviedb/views/default/film.html: 0
[2013-03-21 13:52:22] EDIT moviedb/views/default/film.html: 0
[2013-03-21 13:52:47] EDIT moviedb/views/default/film.html: 0
[2013-03-21 13:53:48] EDIT moviedb/views/default/film.html: 0
[2013-03-21 13:54:19] EDIT moviedb/views/default/film.html: 0
[2013-03-21 13:54:43] EDIT moviedb/views/default/film.html: 0
[2013-03-21 13:55:10] EDIT moviedb/views/default/film.html: 0
[2013-03-21 13:56:35] EDIT moviedb/controllers/default.py: 0
[2013-03-21 13:56:47] EDIT moviedb/views/default/film.html: 0
[2013-03-21 13:59:52] EDIT moviedb/controllers/default.py: 6
[2013-03-21 14:00:10] EDIT moviedb/controllers/default.py: 0
[2013-03-21 14:02:02] EDIT moviedb/views/default/film.html: 0
[2013-03-21 14:03:16] EDIT moviedb/views/default/film.html: 0
[2013-03-21 14:04:17] EDIT moviedb/views/default/film.html: 0
[2013-03-21 14:05:02] EDIT moviedb/controllers/default.py: 1
[2013-03-21 14:05:16] EDIT moviedb/controllers/default.py: 0
[2013-03-21 14:05:19] EDIT moviedb/controllers/default.py: 0
[2013-03-21 14:06:54] EDIT moviedb/views/default/film.html: -2
[2013-03-21 14:10:15] EDIT moviedb/views/default/film.html: 0
[2013-03-21 14:11:00] EDIT moviedb/views/default/film.html: 0
[2013-03-21 14:41:11] EDIT moviedb/static/css/moviedb.css: 1
[2013-03-21 14:42:52] EDIT moviedb/static/css/moviedb.css: 0
[2013-03-21 14:43:18] EDIT moviedb/static/css/moviedb.css: -1
[2013-03-21 14:44:08] EDIT moviedb/views/default/film.html: 0
[2013-03-21 14:51:15] EDIT moviedb/views/default/film.html: 0
[2013-03-21 14:54:51] EDIT moviedb/views/default/film.html: 0
[2013-03-21 14:56:38] EDIT moviedb/views/default/film.html: 0
[2013-03-21 14:57:46] EDIT moviedb/views/default/film.html: 0
[2013-03-21 15:06:56] EDIT moviedb/views/default/film.html: 0
[2013-03-21 15:07:27] EDIT moviedb/views/default/film.html: 0
[2013-03-21 15:07:45] CREATE tmdb.py: 0
[2013-03-21 15:10:13] EDIT moviedb/controllers/tmdb.py: 42
[2013-03-21 15:11:57] EDIT moviedb/views/default/film.html: 0
[2013-03-21 15:13:46] EDIT moviedb/views/default/film.html: 0
[2013-03-21 15:14:02] EDIT moviedb/views/default/film.html: 0
[2013-03-21 15:15:07] EDIT moviedb/views/default/film.html: 0
[2013-03-21 15:17:09] EDIT moviedb/views/default/film.html: 0
[2013-03-21 15:18:54] EDIT moviedb/views/default/film.html: 0
[2013-03-21 15:19:49] EDIT moviedb/views/default/film.html: 1
[2013-03-21 15:20:27] EDIT moviedb/views/default/film.html: 0
[2013-03-21 15:21:06] EDIT moviedb/views/default/film.html: -1
[2013-03-21 15:22:36] EDIT moviedb/views/default/film.html: 1
[2013-03-21 15:23:10] EDIT moviedb/views/default/film.html: 0
[2013-03-21 15:23:51] EDIT moviedb/views/default/film.html: 0
[2013-03-21 15:25:35] EDIT moviedb/views/default/film.html: 2
[2013-03-21 15:27:27] EDIT moviedb/controllers/default.py: -4
[2013-03-21 15:27:35] EDIT moviedb/controllers/tmdb.py: 4
[2013-03-21 15:28:18] EDIT moviedb/controllers/default.py: -5
[2013-03-21 15:28:32] EDIT moviedb/controllers/tmdb.py: 5
[2013-03-21 15:29:28] EDIT moviedb/controllers/default.py: -7
[2013-03-21 15:29:42] EDIT moviedb/controllers/tmdb.py: 7
[2013-03-21 15:30:08] EDIT moviedb/controllers/tmdb.py: 0
[2013-03-21 15:31:28] EDIT moviedb/controllers/default.py: -14
[2013-03-21 15:32:15] EDIT moviedb/controllers/tmdb.py: 14
[2013-03-21 15:32:28] EDIT moviedb/controllers/tmdb.py: 0
[2013-03-21 15:32:48] EDIT moviedb/views/default/film.html: 0
[2013-03-21 15:33:00] EDIT moviedb/views/default/film.html: 0
[2013-03-21 15:33:46] EDIT moviedb/views/default/film.html: 0
[2013-03-21 15:35:03] EDIT moviedb/controllers/tmdb.py: 8
[2013-03-21 15:35:12] EDIT moviedb/controllers/tmdb.py: 0
[2013-03-21 15:36:46] EDIT moviedb/controllers/default.py: 1
[2013-03-21 15:38:14] EDIT moviedb/views/default/film.html: 0
[2013-03-21 15:38:44] EDIT moviedb/views/default/film.html: 0
[2013-03-21 15:39:08] EDIT moviedb/controllers/tmdb.py: 0
[2013-03-21 15:39:44] EDIT moviedb/views/default/film.html: 0
[2013-03-21 15:43:20] EDIT moviedb/controllers/tmdb.py: 1
[2013-03-21 15:43:44] EDIT moviedb/views/default/film.html: 0
[2013-03-21 15:45:18] EDIT moviedb/controllers/tmdb.py: 0
[2013-03-21 15:52:08] EDIT moviedb/views/default/film.html: 8
[2013-03-21 15:53:05] EDIT moviedb/views/default/film.html: 3
[2013-03-21 15:56:36] DELETE moviedb/views/default/film.html.1: -55
[2013-03-21 15:56:47] EDIT moviedb/views/default/film.html: 1
[2013-03-21 15:56:52] EDIT moviedb/views/default/film.html: 0
[2013-03-21 15:56:54] EDIT moviedb/views/default/film.html: 0
[2013-03-21 15:57:10] EDIT moviedb/views/default/film.html: 0
[2013-03-21 15:58:40] EDIT moviedb/views/default/film.html: 5
[2013-03-21 16:00:52] EDIT moviedb/controllers/default.py: 0
[2013-03-21 16:01:08] EDIT moviedb/views/default/film.html: 1
[2013-03-21 16:03:52] EDIT moviedb/controllers/tmdb.py: 1
[2013-03-21 16:07:26] EDIT moviedb/controllers/tmdb.py: -1
[2013-03-21 16:12:19] EDIT moviedb/controllers/tmdb.py: 0
[2013-03-21 16:14:11] EDIT moviedb/controllers/tmdb.py: 1
[2013-03-21 16:14:58] EDIT moviedb/controllers/tmdb.py: 0
[2013-03-21 16:15:29] EDIT moviedb/controllers/tmdb.py: -1
[2013-03-21 16:32:48] EDIT moviedb/controllers/tmdb.py: 0
[2013-03-21 16:33:19] EDIT moviedb/controllers/tmdb.py: 0
[2013-03-21 16:33:35] EDIT moviedb/controllers/tmdb.py: 1
[2013-03-21 16:36:30] EDIT moviedb/models/db.py: 0
[2013-03-21 16:38:40] EDIT moviedb/views/default/film.html: 0
[2013-03-21 16:39:43] EDIT moviedb/views/default/film.html: 0
[2013-03-21 16:40:46] EDIT moviedb/views/default/film.html: 0
[2013-03-21 16:43:51] EDIT moviedb/views/default/film.html: 0
[2013-03-21 16:46:51] EDIT moviedb/controllers/tmdb.py: -1
[2013-03-21 16:48:31] EDIT moviedb/controllers/tmdb.py: 0
[2013-03-21 16:49:26] EDIT moviedb/views/default/film.html: -9
[2013-04-04 15:50:18] EDIT moviedb/controllers/default.py: 4
[2013-04-05 10:22:52] EDIT moviedb/controllers/default.py: 0
[2013-04-05 10:34:32] EDIT moviedb/controllers/default.py: 4
[2013-04-05 10:38:32] EDIT moviedb/controllers/tmdb.py: 0
[2013-04-05 11:14:27] EDIT moviedb/controllers/tmdb.py: 9
[2013-04-05 11:14:56] EDIT moviedb/controllers/tmdb.py: -7
[2013-04-05 11:59:14] EDIT moviedb/static/css/moviedb.css: 1
[2013-04-05 11:59:43] EDIT moviedb/static/css/moviedb.css: 0
[2013-04-05 12:00:00] EDIT moviedb/static/css/moviedb.css: 0
[2013-04-05 12:00:26] EDIT moviedb/static/css/moviedb.css: 0
[2013-04-05 12:00:58] EDIT moviedb/static/css/moviedb.css: 1
[2013-04-05 12:01:14] EDIT moviedb/static/css/moviedb.css: -1
[2013-04-05 12:01:42] EDIT moviedb/static/css/moviedb.css: 0
[2013-04-05 12:02:06] EDIT moviedb/static/css/moviedb.css: -1
[2013-04-05 12:21:25] EDIT moviedb/controllers/default.py: -69
[2013-04-05 12:22:15] EDIT moviedb/views/default/index.html: 0
[2013-04-05 12:24:20] EDIT moviedb/controllers/tmdb.py: 13
[2013-04-05 12:27:34] CREATE tmdb/cerca.html: 0
[2013-04-05 12:27:43] EDIT moviedb/views/tmdb/cerca.html: 15
[2013-04-05 14:21:09] EDIT moviedb/controllers/default.py: -1
[2013-04-05 14:21:22] EDIT moviedb/controllers/default.py: 0
[2013-04-05 14:23:06] EDIT moviedb/controllers/tmdb.py: 5
[2013-04-05 14:23:19] EDIT moviedb/controllers/tmdb.py: 0
[2013-04-05 14:24:33] EDIT moviedb/controllers/default.py: 0
[2013-04-05 14:25:25] EDIT moviedb/views/default/film.html: 0
[2013-04-05 14:26:04] EDIT moviedb/views/default/film.html: 0
[2013-04-05 14:27:02] CREATE default/persona.html: 0
[2013-04-05 14:27:37] EDIT moviedb/controllers/default.py: 2
[2013-04-05 14:28:45] EDIT moviedb/views/default/persona.html: 3
[2013-04-05 14:32:14] EDIT moviedb/views/default/film.html: 0
[2013-04-05 14:32:53] EDIT moviedb/views/default/film.html: 0
[2013-04-05 14:33:29] EDIT moviedb/views/default/film.html: 0
[2013-04-05 14:35:05] EDIT moviedb/controllers/default.py: 0
[2013-04-05 14:35:34] EDIT moviedb/views/default/film.html: 0
[2013-04-05 14:35:52] EDIT moviedb/views/default/film.html: 0
[2013-04-05 14:36:16] EDIT moviedb/controllers/default.py: 0
[2013-04-05 14:51:18] EDIT moviedb/controllers/tmdb.py: 1
[2013-04-05 14:53:47] EDIT moviedb/controllers/default.py: 3
[2013-04-05 14:55:18] EDIT moviedb/controllers/tmdb.py: 2
[2013-04-05 14:57:41] EDIT moviedb/controllers/default.py: -1
[2013-04-05 14:58:46] EDIT moviedb/views/default/persona.html: 0
[2013-04-05 14:59:21] EDIT moviedb/views/default/persona.html: 1
[2013-04-05 15:00:03] EDIT moviedb/views/default/persona.html: 0
[2013-04-05 15:00:11] EDIT moviedb/views/default/persona.html: 0
[2013-04-05 15:02:28] EDIT moviedb/views/default/persona.html: 4
[2013-04-05 15:02:44] EDIT moviedb/views/default/persona.html: 0
[2013-04-05 15:03:41] EDIT moviedb/views/default/persona.html: 0
[2013-04-05 15:04:04] EDIT moviedb/views/default/persona.html: 0
[2013-04-05 15:04:30] EDIT moviedb/views/default/persona.html: 0
[2013-04-05 15:06:31] EDIT moviedb/views/default/persona.html: 4
[2013-04-05 15:06:47] EDIT moviedb/views/default/persona.html: 0
[2013-04-05 15:06:49] EDIT moviedb/views/default/persona.html: 0
[2013-04-05 15:07:12] EDIT moviedb/views/default/persona.html: 0
[2013-04-05 15:07:41] EDIT moviedb/views/default/persona.html: 0
[2013-04-05 15:08:57] EDIT moviedb/views/default/persona.html: 2
[2013-04-05 15:14:30] EDIT moviedb/views/default/persona.html: 1
[2013-04-05 15:14:46] EDIT moviedb/views/default/persona.html: 0
[2013-04-05 15:16:03] EDIT moviedb/views/default/persona.html: 2
[2013-04-05 15:20:44] EDIT moviedb/controllers/default.py: 0
[2013-04-05 15:20:47] EDIT moviedb/controllers/default.py: -1
[2013-04-05 15:21:47] EDIT moviedb/controllers/default.py: 0
[2013-04-05 15:26:29] EDIT moviedb/views/default/film.html: 0
[2013-04-05 15:27:21] EDIT moviedb/views/default/film.html: 0
[2013-04-05 15:31:43] EDIT moviedb/views/default/film.html: 0
[2013-04-05 15:32:50] EDIT moviedb/views/default/film.html: 0
[2013-04-05 15:33:42] EDIT moviedb/views/default/film.html: 0
[2013-04-05 15:41:05] EDIT moviedb/controllers/default.py: 10
[2013-04-05 15:41:12] EDIT moviedb/controllers/default.py: 0
[2013-04-19 11:28:35] EDIT moviedb/controllers/default.py: 2
[2013-04-19 11:29:23] EDIT moviedb/controllers/default.py: 1
[2013-04-19 11:29:52] EDIT moviedb/controllers/default.py: 0
[2013-04-19 11:31:24] EDIT moviedb/controllers/default.py: 0
[2013-04-19 12:04:56] EDIT moviedb/controllers/default.py: 0
[2013-04-19 12:06:29] EDIT moviedb/controllers/default.py: 0
[2013-04-19 12:09:08] EDIT moviedb/controllers/default.py: 0
[2013-04-19 12:11:38] EDIT moviedb/controllers/default.py: 0
[2013-04-19 12:13:31] EDIT moviedb/controllers/default.py: 0
[2013-04-19 13:25:30] EDIT moviedb/controllers/default.py: 0
[2013-04-19 13:25:52] EDIT moviedb/controllers/default.py: 0
[2013-04-19 13:26:14] EDIT moviedb/controllers/default.py: 0
[2013-04-19 13:26:39] EDIT moviedb/controllers/default.py: 0
[2013-04-19 13:26:59] EDIT moviedb/controllers/default.py: 0
[2013-04-19 13:27:18] EDIT moviedb/controllers/default.py: 0
[2013-04-19 13:27:44] EDIT moviedb/controllers/default.py: 0
[2013-04-19 13:28:48] EDIT moviedb/controllers/default.py: -3
