timestamp: 2012-10-09T16:08:01.517003
CREATE TABLE auth_user(
    id INTEGER PRIMARY KEY AUTOINCREMENT,
    first_name CHAR(128),
    last_name CHAR(128),
    email CHAR(512),
    password CHAR(512),
    registration_key CHAR(512),
    reset_password_key CHAR(512),
    registration_id CHAR(512)
);
success!
timestamp: 2012-10-09T16:08:01.633928
CREATE TABLE auth_group(
    id INTEGER PRIMARY KEY AUTOINCREMENT,
    role CHAR(512),
    description TEXT
);
success!
timestamp: 2012-10-09T16:08:01.717725
CREATE TABLE auth_membership(
    id INTEGER PRIMARY KEY AUTOINCREMENT,
    user_id INTEGER REFERENCES auth_user (id) ON DELETE CASCADE,
    group_id INTEGER REFERENCES auth_group (id) ON DELETE CASCADE
);
success!
timestamp: 2012-10-09T16:08:01.793364
CREATE TABLE auth_permission(
    id INTEGER PRIMARY KEY AUTOINCREMENT,
    group_id INTEGER REFERENCES auth_group (id) ON DELETE CASCADE,
    name CHAR(512),
    table_name CHAR(512),
    record_id INTEGER
);
success!
timestamp: 2012-10-09T16:08:01.876729
CREATE TABLE auth_event(
    id INTEGER PRIMARY KEY AUTOINCREMENT,
    time_stamp TIMESTAMP,
    client_ip CHAR(512),
    user_id INTEGER REFERENCES auth_user (id) ON DELETE CASCADE,
    origin CHAR(512),
    description TEXT
);
success!
timestamp: 2012-10-09T16:08:01.961260
CREATE TABLE auth_cas(
    id INTEGER PRIMARY KEY AUTOINCREMENT,
    user_id INTEGER REFERENCES auth_user (id) ON DELETE CASCADE,
    created_on TIMESTAMP,
    service CHAR(512),
    ticket CHAR(512),
    renew CHAR(1)
);
success!
timestamp: 2013-01-07T11:33:06.455426
CREATE TABLE tiposupporto(
    id INTEGER PRIMARY KEY AUTOINCREMENT,
    nome CHAR(512),
    permanente CHAR(1)
);
success!
timestamp: 2013-01-07T11:33:06.531541
CREATE TABLE collocazione(
    id INTEGER PRIMARY KEY AUTOINCREMENT,
    nome CHAR(512),
    descrizione CHAR(512)
);
success!
timestamp: 2013-01-07T11:33:06.615706
CREATE TABLE supporto(
    id INTEGER PRIMARY KEY AUTOINCREMENT,
    id_tipo INTEGER REFERENCES tiposupporto (id) ON DELETE CASCADE,
    id_collocazione INTEGER REFERENCES collocazione (id) ON DELETE CASCADE,
    datacreazione TIMESTAMP,
    datamodifica TIMESTAMP,
    id_originale CHAR(512)
);
success!
timestamp: 2013-01-07T11:33:06.691218
CREATE TABLE generi(
    id INTEGER PRIMARY KEY AUTOINCREMENT,
    nome CHAR(512) UNIQUE,
    hidden CHAR(1),
    film INTEGER REFERENCES film (id) ON DELETE CASCADE
);
success!
timestamp: 2013-01-07T11:33:06.766600
CREATE TABLE tags(
    id INTEGER PRIMARY KEY AUTOINCREMENT,
    slug CHAR(512) UNIQUE,
    film INTEGER REFERENCES film (id) ON DELETE CASCADE
);
success!
timestamp: 2013-01-07T11:34:00.765342
CREATE TABLE moviecast(
    id INTEGER PRIMARY KEY AUTOINCREMENT,
    nome CHAR(512),
    slug CHAR(512) UNIQUE,
    foto CHAR(512)
);
success!
timestamp: 2013-01-07T11:34:00.907946
CREATE TABLE film(
    id INTEGER PRIMARY KEY AUTOINCREMENT,
    titolo CHAR(512),
    anno INTEGER,
    slug CHAR(512),
    visto CHAR(1),
    masterizzato CHAR(1),
    datacreazione TIMESTAMP,
    datamodifica TIMESTAMP,
    scheda_cinematografo CHAR(512),
    locandina CHAR(512),
    giudizio_mio DOUBLE,
    nota TEXT,
    trama TEXT,
    adulti CHAR(1),
    id_originale CHAR(512)
);
success!
timestamp: 2013-01-07T11:35:35.020664
CREATE TABLE ruoli(
    id INTEGER PRIMARY KEY AUTOINCREMENT,
    film INTEGER REFERENCES film (id) ON DELETE CASCADE,
    ruolo INTEGER REFERENCES moviecast (id) ON DELETE CASCADE,
    regista CHAR(1)
);
success!
timestamp: 2013-01-07T11:35:35.283891
CREATE TABLE formato(
    id INTEGER PRIMARY KEY AUTOINCREMENT,
    tipo CHAR(512),
    film INTEGER REFERENCES film (id) ON DELETE CASCADE,
    supporto INTEGER REFERENCES supporto (id) ON DELETE CASCADE,
    multiaudio CHAR(1),
    surround CHAR(1)
);
success!
timestamp: 2013-01-07T13:09:06.590959
ALTER TABLE film ADD tmdb_id CHAR(512);
timestamp: 2013-01-08T16:21:58.020536
ALTER TABLE moviecast ADD tmdb_id CHAR(512);
timestamp: 2013-01-08T16:36:57.206308
ALTER TABLE ruoli ADD persona INTEGER REFERENCES moviecast (id) ON DELETE CASCADE;
timestamp: 2013-01-09T14:52:52.082882
ALTER TABLE supporto ADD tipo INTEGER REFERENCES tiposupporto (id) ON DELETE CASCADE;
timestamp: 2013-01-09T14:55:10.094092
ALTER TABLE supporto ADD collocazione INTEGER REFERENCES collocazione (id) ON DELETE CASCADE;
timestamp: 2013-03-18T11:53:18.386692
ALTER TABLE supporto ADD codice CHAR(512);
timestamp: 2013-03-18T14:43:36.880155
CREATE TABLE legacy_formato(
    id INTEGER PRIMARY KEY AUTOINCREMENT,
    tipo CHAR(512),
    film INTEGER REFERENCES film (id) ON DELETE CASCADE,
    supporto INTEGER REFERENCES supporto (id) ON DELETE CASCADE,
    multiaudio CHAR(1),
    surround CHAR(1)
);
success!
